PLINK v1.90b7.1 64-bit (18 Oct 2023)
Options in effect:
  --bfile pruned_final
  --out pca
  --pca header

Hostname: Alejandros-MacBook-Air.local
Working directory: /Users/efra/Documents/LCG/5th/Statistical Genetics/gh/StatisticalGenomics/Project
Start time: Tue Nov 14 22:51:05 2023

Random number seed: 1700023865
24576 MB RAM detected; reserving 12288 MB for main workspace.
93788 variants loaded from .bim file.
1374 people (919 males, 455 females) loaded from .fam.
1374 phenotype values loaded from .fam.
Using up to 8 threads (change this with --threads).
Before main variant filters, 1374 founders and 0 nonfounders present.
Calculating allele frequencies... done.
Total genotyping rate is 0.99167.
93788 variants and 1374 people pass filters and QC.
Among remaining phenotypes, 707 are cases and 667 are controls.
Relationship matrix calculation complete.
--pca: Results saved to pca.eigenval and pca.eigenvec .

End time: Tue Nov 14 22:51:06 2023
