PLINK v1.90b7.1 64-bit (18 Oct 2023)
Options in effect:
  --bfile data
  --geno 0.05
  --hwe 0.000001
  --maf 0.01
  --make-bed
  --mind 0.045
  --out qc
  --remove-fam het_fail.txt

Hostname: Alejandros-MacBook-Air.local
Working directory: /Users/efra/Documents/LCG/5th/Statistical Genetics/gh/StatisticalGenomics/Project
Start time: Tue Nov 14 19:58:40 2023

Random number seed: 1700013520
24576 MB RAM detected; reserving 12288 MB for main workspace.
500000 variants loaded from .bim file.
1401 people (937 males, 464 females) loaded from .fam.
1401 phenotype values loaded from .fam.
--remove-fam: 1388 people remaining.
13 people removed due to missing genotype data (--mind).
IDs written to qc.irem .
Using 1 thread (no multithreaded calculations invoked).
Before main variant filters, 1375 founders and 0 nonfounders present.
Calculating allele frequencies... done.
Total genotyping rate in remaining samples is 0.97804.
53846 variants removed due to missing genotype data (--geno).
--hwe: 552 variants removed due to Hardy-Weinberg exact test.
63548 variants removed due to minor allele threshold(s)
(--maf/--max-maf/--mac/--max-mac).
382054 variants and 1375 people pass filters and QC.
Among remaining phenotypes, 708 are cases and 667 are controls.
--make-bed to qc.bed + qc.bim + qc.fam ... done.

End time: Tue Nov 14 19:58:41 2023
