PLINK v1.90b7.1 64-bit (18 Oct 2023)
Options in effect:
  --bfile pruned
  --genome
  --min 0.185
  --out related

Hostname: Alejandros-MacBook-Air.local
Working directory: /Users/efra/Documents/LCG/5th/Statistical Genetics/gh/StatisticalGenomics/Project
Start time: Tue Nov 14 22:31:11 2023

Random number seed: 1700022671
24576 MB RAM detected; reserving 12288 MB for main workspace.
93788 variants loaded from .bim file.
1375 people (920 males, 455 females) loaded from .fam.
1375 phenotype values loaded from .fam.
Using up to 8 threads (change this with --threads).
Before main variant filters, 1375 founders and 0 nonfounders present.
Calculating allele frequencies... done.
Total genotyping rate is 0.991655.
93788 variants and 1375 people pass filters and QC.
Among remaining phenotypes, 708 are cases and 667 are controls.
IBD calculations complete.
Finished writing related.genome .

End time: Tue Nov 14 22:31:16 2023
